0 info it worked if it ends with ok
1 verbose cli [ 'C:\\Program Files\\nodejs\\node.exe',
1 verbose cli   'C:\\Program Files\\nodejs\\node_modules\\npm\\bin\\npm-cli.js',
1 verbose cli   'prefix',
1 verbose cli   '-g' ]
2 info using npm@2.15.9
3 info using node@v4.6.0
4 verbose stack Error: Failed to replace env in config: ${APPDATA}
4 verbose stack     at C:\Program Files\nodejs\node_modules\npm\lib\config\core.js:429:13
4 verbose stack     at String.replace (native)
4 verbose stack     at envReplace (C:\Program Files\nodejs\node_modules\npm\lib\config\core.js:424:12)
4 verbose stack     at parseField (C:\Program Files\nodejs\node_modules\npm\lib\config\core.js:400:7)
4 verbose stack     at C:\Program Files\nodejs\node_modules\npm\lib\config\core.js:338:17
4 verbose stack     at Array.forEach (native)
4 verbose stack     at Conf.add (C:\Program Files\nodejs\node_modules\npm\lib\config\core.js:337:23)
4 verbose stack     at ConfigChain.addString (C:\Program Files\nodejs\node_modules\npm\node_modules\config-chain\index.js:244:8)
4 verbose stack     at Conf.<anonymous> (C:\Program Files\nodejs\node_modules\npm\lib\config\core.js:325:10)
4 verbose stack     at C:\Program Files\nodejs\node_modules\npm\node_modules\graceful-fs\graceful-fs.js:78:16
5 verbose cwd C:\html
6 error Windows_NT 10.0.14393
7 error argv "C:\\Program Files\\nodejs\\node.exe" "C:\\Program Files\\nodejs\\node_modules\\npm\\bin\\npm-cli.js" "prefix" "-g"
8 error node v4.6.0
9 error npm  v2.15.9
10 error Failed to replace env in config: ${APPDATA}
11 error If you need help, you may report this error at:
11 error     <https://github.com/npm/npm/issues>
12 verbose exit [ 1, true ]
